<?xml version="1.0" encoding="UTF-8" ?>
<testsuites>
  <testsuite errors="0" failures="0" hostname="Dell" id="0" name="PermissionSpec" package="com.example" tests="4" time="5.069" timestamp="2014-08-23T14:11:51">
      <properties />

      <testcase classname="com.example.PermissionSpec" name="test Permission all constraints acl is nullable" time="4.102" />

      <testcase classname="com.example.PermissionSpec" name="test Permission all constraints acl is nullable" time="0.066" />

      <testcase classname="com.example.PermissionSpec" name="test Permission all constraints acl is unique" time="0.796" />

      <testcase classname="com.example.PermissionSpec" name="test Permission all constraints acl is valid" time="0.04" />

      <system-out><![CDATA[--Output from test Permission all constraints acl is nullable--
--Output from test Permission all constraints acl is nullable--
--Output from test Permission all constraints acl is unique--
--Output from test Permission all constraints acl is valid--
]]></system-out>

      <system-err><![CDATA[--Output from test Permission all constraints acl is nullable--
--Output from test Permission all constraints acl is nullable--
--Output from test Permission all constraints acl is unique--
--Output from test Permission all constraints acl is valid--
]]></system-err>

  </testsuite>
  <testsuite errors="0" failures="0" hostname="Dell" id="1" name="RoleSpec" package="com.example" tests="4" time="0.321" timestamp="2014-08-23T14:11:56">
      <properties />

      <testcase classname="com.example.RoleSpec" name="test Role all constraints name is nullable" time="0.176" />

      <testcase classname="com.example.RoleSpec" name="test Role all constraints name is nullable" time="0.036" />

      <testcase classname="com.example.RoleSpec" name="test Role all constraints name is unique" time="0.043" />

      <testcase classname="com.example.RoleSpec" name="test Role all constraints name is valid" time="0.048" />

      <system-out><![CDATA[--Output from test Role all constraints name is nullable--
--Output from test Role all constraints name is nullable--
--Output from test Role all constraints name is unique--
--Output from test Role all constraints name is valid--
]]></system-out>

      <system-err><![CDATA[--Output from test Role all constraints name is nullable--
--Output from test Role all constraints name is nullable--
--Output from test Role all constraints name is unique--
--Output from test Role all constraints name is valid--
]]></system-err>

  </testsuite>
  <testsuite errors="0" failures="0" hostname="Dell" id="2" name="UserSpec" package="com.example" tests="8" time="0.524" timestamp="2014-08-23T14:11:56">
      <properties />

      <testcase classname="com.example.UserSpec" name="test User all constraints username is nullable" time="0.208" />

      <testcase classname="com.example.UserSpec" name="test User all constraints username is nullable" time="0.039" />

      <testcase classname="com.example.UserSpec" name="test User all constraints username is unique" time="0.04" />

      <testcase classname="com.example.UserSpec" name="test User all constraints username is valid" time="0.042" />

      <testcase classname="com.example.UserSpec" name="test User all constraints passwordHash is nullable" time="0.035" />

      <testcase classname="com.example.UserSpec" name="test User all constraints passwordHash is nullable" time="0.038" />

      <testcase classname="com.example.UserSpec" name="test User all constraints passwordSalt is nullable" time="0.044" />

      <testcase classname="com.example.UserSpec" name="test User all constraints passwordSalt is nullable" time="0.061" />

      <system-out><![CDATA[--Output from test User all constraints username is nullable--
--Output from test User all constraints username is nullable--
--Output from test User all constraints username is unique--
--Output from test User all constraints username is valid--
--Output from test User all constraints passwordHash is nullable--
--Output from test User all constraints passwordHash is nullable--
--Output from test User all constraints passwordSalt is nullable--
--Output from test User all constraints passwordSalt is nullable--
]]></system-out>

      <system-err><![CDATA[--Output from test User all constraints username is nullable--
--Output from test User all constraints username is nullable--
--Output from test User all constraints username is unique--
--Output from test User all constraints username is valid--
--Output from test User all constraints passwordHash is nullable--
--Output from test User all constraints passwordHash is nullable--
--Output from test User all constraints passwordSalt is nullable--
--Output from test User all constraints passwordSalt is nullable--
]]></system-err>

  </testsuite>
</testsuites>
