<?xml version="1.0" encoding="UTF-8" ?>
<testsuite errors="0" failures="0" hostname="Dell" name="com.example.RoleSpec" tests="10" time="0.674" timestamp="2014-09-01T09:01:00">
  <properties />
  <testcase classname="com.example.RoleSpec" name="test Role all constraints name is nullable" time="0.139" />
  <testcase classname="com.example.RoleSpec" name="test Role all constraints name is nullable" time="0.056" />
  <testcase classname="com.example.RoleSpec" name="test Role all constraints name is unique" time="0.058" />
  <testcase classname="com.example.RoleSpec" name="test Role all constraints name is valid" time="0.054" />
  <testcase classname="com.example.RoleSpec" name="Role name using  results in false" time="0.057" />
  <testcase classname="com.example.RoleSpec" name="Role name using aaaaaaaaaaaaaaa results in true" time="0.057" />
  <testcase classname="com.example.RoleSpec" name="Role user testing valid" time="0.051" />
  <testcase classname="com.example.RoleSpec" name="Role user testing valid" time="0.051" />
  <testcase classname="com.example.RoleSpec" name="Role permission testing valid" time="0.052" />
  <testcase classname="com.example.RoleSpec" name="Role permission testing valid" time="0.053" />
  <system-out><![CDATA[--Output from test Role all constraints name is nullable--
--Output from test Role all constraints name is nullable--
--Output from test Role all constraints name is unique--
--Output from test Role all constraints name is valid--
--Output from Role name using  results in false--
--Output from Role name using aaaaaaaaaaaaaaa results in true--
--Output from Role user testing valid--
--Output from Role user testing valid--
--Output from Role permission testing valid--
--Output from Role permission testing valid--
]]></system-out>
  <system-err><![CDATA[--Output from test Role all constraints name is nullable--
--Output from test Role all constraints name is nullable--
--Output from test Role all constraints name is unique--
--Output from test Role all constraints name is valid--
--Output from Role name using  results in false--
--Output from Role name using aaaaaaaaaaaaaaa results in true--
--Output from Role user testing valid--
--Output from Role user testing valid--
--Output from Role permission testing valid--
--Output from Role permission testing valid--
]]></system-err>
</testsuite>
