<?xml version="1.0" encoding="UTF-8" ?>
<testsuites>
  <testsuite errors="0" failures="0" hostname="Dell" id="0" name="PermissionSpec" package="com.example" tests="10" time="7.744" timestamp="2014-08-24T14:54:36">
      <properties />

      <testcase classname="com.example.PermissionSpec" name="test Permission all constraints acl is nullable" time="5.55" />

      <testcase classname="com.example.PermissionSpec" name="test Permission all constraints acl is nullable" time="0.348" />

      <testcase classname="com.example.PermissionSpec" name="test Permission all constraints acl is unique" time="1.227" />

      <testcase classname="com.example.PermissionSpec" name="test Permission all constraints acl is valid" time="0.093" />

      <testcase classname="com.example.PermissionSpec" name="Permission acl using  results in false" time="0.082" />

      <testcase classname="com.example.PermissionSpec" name="Permission acl using aaaaaaaaaaaaaaa results in true" time="0.07" />

      <testcase classname="com.example.PermissionSpec" name="Permission user testing valid" time="0.067" />

      <testcase classname="com.example.PermissionSpec" name="Permission user testing valid" time="0.069" />

      <testcase classname="com.example.PermissionSpec" name="Permission role testing valid" time="0.063" />

      <testcase classname="com.example.PermissionSpec" name="Permission role testing valid" time="0.059" />

      <system-out><![CDATA[--Output from test Permission all constraints acl is nullable--
--Output from test Permission all constraints acl is nullable--
--Output from test Permission all constraints acl is unique--
--Output from test Permission all constraints acl is valid--
--Output from Permission acl using  results in false--
--Output from Permission acl using aaaaaaaaaaaaaaa results in true--
--Output from Permission user testing valid--
--Output from Permission user testing valid--
--Output from Permission role testing valid--
--Output from Permission role testing valid--
]]></system-out>

      <system-err><![CDATA[--Output from test Permission all constraints acl is nullable--
--Output from test Permission all constraints acl is nullable--
--Output from test Permission all constraints acl is unique--
--Output from test Permission all constraints acl is valid--
--Output from Permission acl using  results in false--
--Output from Permission acl using aaaaaaaaaaaaaaa results in true--
--Output from Permission user testing valid--
--Output from Permission user testing valid--
--Output from Permission role testing valid--
--Output from Permission role testing valid--
]]></system-err>

  </testsuite>
  <testsuite errors="0" failures="0" hostname="Dell" id="1" name="RoleSpec" package="com.example" tests="10" time="0.793" timestamp="2014-08-24T14:54:44">
      <properties />

      <testcase classname="com.example.RoleSpec" name="test Role all constraints name is nullable" time="0.183" />

      <testcase classname="com.example.RoleSpec" name="test Role all constraints name is nullable" time="0.066" />

      <testcase classname="com.example.RoleSpec" name="test Role all constraints name is unique" time="0.087" />

      <testcase classname="com.example.RoleSpec" name="test Role all constraints name is valid" time="0.057" />

      <testcase classname="com.example.RoleSpec" name="Role name using  results in false" time="0.057" />

      <testcase classname="com.example.RoleSpec" name="Role name using aaaaaaaaaaaaaaa results in true" time="0.06" />

      <testcase classname="com.example.RoleSpec" name="Role user testing valid" time="0.08" />

      <testcase classname="com.example.RoleSpec" name="Role user testing valid" time="0.051" />

      <testcase classname="com.example.RoleSpec" name="Role permission testing valid" time="0.051" />

      <testcase classname="com.example.RoleSpec" name="Role permission testing valid" time="0.051" />

      <system-out><![CDATA[--Output from test Role all constraints name is nullable--
--Output from test Role all constraints name is nullable--
--Output from test Role all constraints name is unique--
--Output from test Role all constraints name is valid--
--Output from Role name using  results in false--
--Output from Role name using aaaaaaaaaaaaaaa results in true--
--Output from Role user testing valid--
--Output from Role user testing valid--
--Output from Role permission testing valid--
--Output from Role permission testing valid--
]]></system-out>

      <system-err><![CDATA[--Output from test Role all constraints name is nullable--
--Output from test Role all constraints name is nullable--
--Output from test Role all constraints name is unique--
--Output from test Role all constraints name is valid--
--Output from Role name using  results in false--
--Output from Role name using aaaaaaaaaaaaaaa results in true--
--Output from Role user testing valid--
--Output from Role user testing valid--
--Output from Role permission testing valid--
--Output from Role permission testing valid--
]]></system-err>

  </testsuite>
  <testsuite errors="0" failures="0" hostname="Dell" id="2" name="UserSpec" package="com.example" tests="15" time="0.904" timestamp="2014-08-24T14:54:44">
      <properties />

      <testcase classname="com.example.UserSpec" name="test User all constraints username is nullable" time="0.166" />

      <testcase classname="com.example.UserSpec" name="test User all constraints username is nullable" time="0.048" />

      <testcase classname="com.example.UserSpec" name="test User all constraints username is email" time="0.061" />

      <testcase classname="com.example.UserSpec" name="test User all constraints username is unique" time="0.05" />

      <testcase classname="com.example.UserSpec" name="test User all constraints username is valid" time="0.05" />

      <testcase classname="com.example.UserSpec" name="test User all constraints passwordHash is nullable" time="0.045" />

      <testcase classname="com.example.UserSpec" name="test User all constraints passwordHash is nullable" time="0.05" />

      <testcase classname="com.example.UserSpec" name="test User all constraints passwordSalt is nullable" time="0.05" />

      <testcase classname="com.example.UserSpec" name="test User all constraints passwordSalt is nullable" time="0.046" />

      <testcase classname="com.example.UserSpec" name="User username using dexterm@m results in false" time="0.05" />

      <testcase classname="com.example.UserSpec" name="User username using dexterm@miamipd.gov results in true" time="0.049" />

      <testcase classname="com.example.UserSpec" name="User role testing valid" time="0.05" />

      <testcase classname="com.example.UserSpec" name="User role testing valid" time="0.046" />

      <testcase classname="com.example.UserSpec" name="User permission testing valid" time="0.045" />

      <testcase classname="com.example.UserSpec" name="User permission testing valid" time="0.047" />

      <system-out><![CDATA[--Output from test User all constraints username is nullable--
--Output from test User all constraints username is nullable--
--Output from test User all constraints username is email--
--Output from test User all constraints username is unique--
--Output from test User all constraints username is valid--
--Output from test User all constraints passwordHash is nullable--
--Output from test User all constraints passwordHash is nullable--
--Output from test User all constraints passwordSalt is nullable--
--Output from test User all constraints passwordSalt is nullable--
--Output from User username using dexterm@m results in false--
--Output from User username using dexterm@miamipd.gov results in true--
--Output from User role testing valid--
--Output from User role testing valid--
--Output from User permission testing valid--
--Output from User permission testing valid--
]]></system-out>

      <system-err><![CDATA[--Output from test User all constraints username is nullable--
--Output from test User all constraints username is nullable--
--Output from test User all constraints username is email--
--Output from test User all constraints username is unique--
--Output from test User all constraints username is valid--
--Output from test User all constraints passwordHash is nullable--
--Output from test User all constraints passwordHash is nullable--
--Output from test User all constraints passwordSalt is nullable--
--Output from test User all constraints passwordSalt is nullable--
--Output from User username using dexterm@m results in false--
--Output from User username using dexterm@miamipd.gov results in true--
--Output from User role testing valid--
--Output from User role testing valid--
--Output from User permission testing valid--
--Output from User permission testing valid--
]]></system-err>

  </testsuite>
</testsuites>
